***************
2018/08/27 10:43:22 log:getColumnInfo, dbconnName:dev1,dbName:muchnewdb,tableName:lead_basic, dbstr:Data Source=dev1.tutorabc.com;Initial Catalog=muchnewdb;User ID=Ims20Acct;Password=ju5#DreweSpe;Connection Timeout=60
***************
2018/08/27 10:43:22 log:getColumnInfo, invokeColumnInfoThread
***************
2018/08/27 10:43:22 log:threadGetColInfo start
***************
2018/08/27 10:43:22 log:getColumnInfo, dbconnName:dev1,dbName:muchnewdb,tableName:lead_basic, dbstr:Data Source=dev1.tutorabc.com;Initial Catalog=muchnewdb;User ID=Ims20Acct;Password=ju5#DreweSpe;Connection Timeout=60
***************
2018/08/27 10:43:35 log:threadGetColInfo end, rows: 127
***************
2018/08/27 16:27:18 log:getColumnInfo, dbconnName:dev1,dbName:muchnewdb,tableName:lead_basic, dbstr:Data Source=dev1.tutorabc.com;Initial Catalog=muchnewdb;User ID=Ims20Acct;Password=ju5#DreweSpe;Connection Timeout=60
***************
2018/08/27 18:02:23 log:getColumnInfo, dbconnName:stageX,dbName:muchnewdb,tableName:client_basic, dbstr:Data Source=dbstage1.tutorabc.com;Initial Catalog=muchnewdb;User ID=iTutorGroupJrApiAcct;Password=kuDu$reqaS5E;Connection Timeout=60
***************
2018/08/27 18:02:23 log:getColumnInfo, invokeColumnInfoThread
***************
2018/08/27 18:02:23 log:threadGetColInfo start
***************
2018/08/27 18:02:23 log:getColumnInfo, dbconnName:stageX,dbName:muchnewdb,tableName:client_basic, dbstr:Data Source=dbstage1.tutorabc.com;Initial Catalog=muchnewdb;User ID=iTutorGroupJrApiAcct;Password=kuDu$reqaS5E;Connection Timeout=60
***************
2018/08/27 18:02:36 log:threadGetColInfo end, rows: 127
